<?xml version="1.0" encoding="UTF-8"?>
<!-- Generated by org.testng.reporters.JUnitReportReporter -->
<testsuite skipped="0" hostname="basanthi-pc" name="testpagepkc.QuickDraftTest" tests="1" failures="0" timestamp="21 Feb 2020 04:06:52 GMT" time="27.643" errors="0">
  <testcase name="UserShouldBeAbleToLogin" time="27.643" classname="testpagepkc.QuickDraftTest"/>
</testsuite> <!-- testpagepkc.QuickDraftTest -->
